<?xml version="1.0" encoding="UTF-8"?>
<!-- Generated by org.testng.reporters.JUnitXMLReporter -->
<testsuite ignored="0" hostname="Abhijeets-MacBook-Air.local" failures="1" tests="1" name="Error" time="186.14" errors="0" timestamp="2024-03-31T11:52:37 IST">
  <testcase classname="Validation.ErrorValidation" name="loginError" time="0.286">
    <failure type="java.lang.AssertionError" message="expected:&amp;lt;Incorrect email or pass@@word.&amp;gt; but was:&amp;lt;Incorrect email or password.&amp;gt;">
      <![CDATA[java.lang.AssertionError: expected:<Incorrect email or pass@@word.> but was:<Incorrect email or password.>
at Validation.ErrorValidation.loginError(ErrorValidation.java:17)
at java.base/java.util.ArrayList.forEach(ArrayList.java:1511)
... Removed 31 stack frames]]>
    </failure>
  </testcase> <!-- loginError -->
</testsuite> <!-- Error -->
