<?xml version="1.0" encoding="UTF-8"?>
<testng-results ignored="0" total="2" passed="2" failed="0" skipped="0">
  <reporter-output>
  </reporter-output>
  <suite started-at="2024-03-31T12:18:10 IST" name="Surefire suite" finished-at="2024-03-31T12:18:20 IST" duration-ms="10202">
    <groups>
    </groups>
    <test started-at="2024-03-31T12:18:10 IST" name="Surefire test" finished-at="2024-03-31T12:18:20 IST" duration-ms="10202">
      <class name="Base.StandAloneTest">
        <test-method is-config="true" signature="launchApplication()[pri:0, instance:Base.StandAloneTest@6e38921c]" started-at="2024-03-31T12:18:10 IST" name="launchApplication" finished-at="2024-03-31T12:18:13 IST" duration-ms="3063" status="PASS">
          <reporter-output>
          </reporter-output>
        </test-method> <!-- launchApplication -->
        <test-method signature="submitOrder()[pri:0, instance:Base.StandAloneTest@6e38921c]" started-at="2024-03-31T12:18:13 IST" name="submitOrder" finished-at="2024-03-31T12:18:16 IST" duration-ms="3230" status="PASS">
          <reporter-output>
          </reporter-output>
        </test-method> <!-- submitOrder -->
        <test-method is-config="true" signature="tearDown()[pri:0, instance:Base.StandAloneTest@6e38921c]" started-at="2024-03-31T12:18:16 IST" name="tearDown" finished-at="2024-03-31T12:18:16 IST" duration-ms="122" status="PASS">
          <reporter-output>
          </reporter-output>
        </test-method> <!-- tearDown -->
        <test-method is-config="true" signature="launchApplication()[pri:0, instance:Base.StandAloneTest@6e38921c]" started-at="2024-03-31T12:18:16 IST" name="launchApplication" finished-at="2024-03-31T12:18:19 IST" duration-ms="2877" status="PASS">
          <reporter-output>
          </reporter-output>
        </test-method> <!-- launchApplication -->
        <test-method signature="ordersHistory()[pri:0, instance:Base.StandAloneTest@6e38921c]" started-at="2024-03-31T12:18:19 IST" name="ordersHistory" finished-at="2024-03-31T12:18:20 IST" depends-on-methods="Base.StandAloneTest.submitOrder" duration-ms="738" status="PASS">
          <reporter-output>
          </reporter-output>
        </test-method> <!-- ordersHistory -->
        <test-method is-config="true" signature="tearDown()[pri:0, instance:Base.StandAloneTest@6e38921c]" started-at="2024-03-31T12:18:20 IST" name="tearDown" finished-at="2024-03-31T12:18:20 IST" duration-ms="139" status="PASS">
          <reporter-output>
          </reporter-output>
        </test-method> <!-- tearDown -->
      </class> <!-- Base.StandAloneTest -->
    </test> <!-- Surefire test -->
  </suite> <!-- Surefire suite -->
</testng-results>
