<?xml version="1.0" encoding="UTF-8"?>
<testng-results ignored="0" total="0" passed="0" failed="0" skipped="0">
  <reporter-output>
  </reporter-output>
  <suite started-at="2024-03-28T04:56:52 IST" name="Suite" finished-at="2024-03-28T04:56:52 IST" duration-ms="0">
    <groups>
      <group name="ErrorHandling">
        <method signature="ErrorValidation.loginError()[pri:0, instance:Validation.ErrorValidation@6c284af]" name="loginError" class="Validation.ErrorValidation"/>
      </group> <!-- ErrorHandling -->
    </groups>
  </suite> <!-- Suite -->
</testng-results>
